TN:
SF:src\components\Counter.tsx
FN:8,(anonymous_0)
FN:16,(anonymous_1)
FN:22,(anonymous_2)
FNF:3
FNH:0
FNDA:0,(anonymous_0)
FNDA:0,(anonymous_1)
FNDA:0,(anonymous_2)
DA:8,0
DA:9,0
DA:11,0
DA:16,0
DA:22,0
LF:5
LH:0
BRDA:8,0,0,0
BRF:1
BRH:0
end_of_record
TN:
SF:src\components\NativeWindTest.tsx
FNF:0
FNH:0
LF:0
LH:0
BRF:0
BRH:0
end_of_record
TN:
SF:src\components\EmptyState\EmptyState.tsx
FN:12,(anonymous_0)
FNF:1
FNH:0
FNDA:0,(anonymous_0)
DA:12,0
DA:19,0
LF:2
LH:0
BRDA:13,0,0,0
BRDA:31,1,0,0
BRDA:31,1,1,0
BRDA:31,1,2,0
BRF:4
BRH:0
end_of_record
TN:
SF:src\components\EmptyState\index.ts
FNF:0
FNH:0
LF:0
LH:0
BRF:0
BRH:0
end_of_record
TN:
SF:src\components\FavoriteButton\FavoriteButton.tsx
FN:12,(anonymous_0)
FN:21,(anonymous_1)
FN:28,(anonymous_2)
FN:39,(anonymous_3)
FN:50,(anonymous_4)
FNF:5
FNH:4
FNDA:8,(anonymous_0)
FNDA:0,(anonymous_1)
FNDA:8,(anonymous_2)
FNDA:8,(anonymous_3)
FNDA:8,(anonymous_4)
DA:12,1
DA:18,8
DA:19,8
DA:21,8
DA:22,0
DA:23,0
DA:24,0
DA:28,8
DA:29,8
DA:31,8
DA:33,0
DA:35,0
DA:39,8
DA:40,8
DA:42,8
DA:44,0
DA:46,0
DA:50,8
DA:51,8
DA:52,8
DA:54,8
DA:56,0
DA:63,0
DA:75,8
DA:83,8
LF:25
LH:16
BRDA:14,0,0,0
BRDA:15,1,0,0
BRDA:23,2,0,0
BRDA:23,2,1,0
BRDA:23,3,0,0
BRDA:23,3,1,0
BRDA:29,4,0,8
BRDA:29,4,1,0
BRDA:29,4,2,0
BRDA:40,5,0,8
BRDA:40,5,1,0
BRDA:40,5,2,0
BRDA:51,6,0,0
BRDA:51,6,1,8
BRDA:52,7,0,0
BRDA:52,7,1,8
BRDA:54,8,0,0
BRDA:54,8,1,0
BRDA:54,8,2,8
BRDA:58,9,0,0
BRDA:58,9,1,0
BRDA:69,10,0,0
BRDA:69,10,1,0
BRDA:87,11,0,0
BRDA:87,11,1,8
BRF:25
BRH:6
end_of_record
TN:
SF:src\components\FavoriteButton\index.ts
FNF:0
FNH:0
LF:0
LH:0
BRF:0
BRH:0
end_of_record
TN:
SF:src\components\FilterSortModal\FilterSortModal.tsx
FN:23,(anonymous_0)
FN:45,(anonymous_1)
FN:70,(anonymous_2)
FN:88,(anonymous_3)
FN:91,(anonymous_4)
FN:129,(anonymous_5)
FNF:6
FNH:0
FNDA:0,(anonymous_0)
FNDA:0,(anonymous_1)
FNDA:0,(anonymous_2)
FNDA:0,(anonymous_3)
FNDA:0,(anonymous_4)
FNDA:0,(anonymous_5)
DA:23,0
DA:32,0
DA:38,0
DA:45,0
DA:46,0
DA:47,0
DA:49,0
DA:51,0
DA:54,0
DA:55,0
DA:57,0
DA:70,0
DA:89,0
DA:91,0
DA:130,0
DA:131,0
DA:133,0
DA:135,0
LF:18
LH:0
BRDA:46,0,0,0
BRDA:46,0,1,0
BRDA:54,1,0,0
BRDA:54,1,1,0
BRDA:55,2,0,0
BRDA:55,2,1,0
BRDA:76,3,0,0
BRDA:76,3,1,0
BRDA:93,4,0,0
BRDA:93,4,1,0
BRDA:101,5,0,0
BRDA:101,5,1,0
BRDA:108,6,0,0
BRDA:108,6,1,0
BRDA:130,7,0,0
BRDA:130,7,1,0
BRF:16
BRH:0
end_of_record
TN:
SF:src\components\LaunchCard\LaunchCard.tsx
FN:41,(anonymous_0)
FNF:1
FNH:1
FNDA:4,(anonymous_0)
DA:41,1
DA:49,4
DA:50,4
DA:51,4
DA:52,4
DA:53,4
DA:57,4
LF:7
LH:7
BRDA:44,0,0,4
BRDA:51,1,0,4
BRDA:51,1,1,0
BRDA:53,2,0,4
BRDA:53,2,1,0
BRDA:89,3,0,4
BRDA:89,3,1,3
BRDA:97,4,0,4
BRDA:97,4,1,1
BRDA:121,5,0,4
BRDA:121,5,1,4
BRDA:133,6,0,4
BRDA:133,6,1,4
BRDA:159,7,0,4
BRDA:159,7,1,0
BRDA:165,8,0,4
BRDA:165,8,1,0
BRDA:165,8,2,0
BRF:18
BRH:13
end_of_record
TN:
SF:src\components\LaunchCard\index.ts
FNF:0
FNH:0
LF:0
LH:0
BRF:0
BRH:0
end_of_record
TN:
SF:src\components\LoadingState\LoadingState.tsx
FN:10,(anonymous_0)
FNF:1
FNH:0
FNDA:0,(anonymous_0)
DA:10,0
DA:15,0
LF:2
LH:0
BRDA:11,0,0,0
BRDA:12,1,0,0
BRDA:13,2,0,0
BRF:3
BRH:0
end_of_record
TN:
SF:src\components\LoadingState\index.ts
FNF:0
FNH:0
LF:0
LH:0
BRF:0
BRH:0
end_of_record
TN:
SF:src\components\SearchBar\SearchBar.tsx
FN:14,(anonymous_0)
FNF:1
FNH:0
FNDA:0,(anonymous_0)
DA:14,0
DA:23,0
LF:2
LH:0
BRDA:17,0,0,0
BRDA:18,1,0,0
BRDA:47,2,0,0
BRDA:47,2,1,0
BRDA:70,3,0,0
BRDA:70,3,1,0
BRF:6
BRH:0
end_of_record
TN:
SF:src\components\SearchBar\index.ts
FNF:0
FNH:0
LF:0
LH:0
BRF:0
BRH:0
end_of_record
TN:
SF:src\hooks\useFavorites.ts
FN:21,(anonymous_0)
FN:32,(anonymous_1)
FN:40,(anonymous_2)
FN:62,(anonymous_3)
FN:86,(anonymous_4)
FN:89,(anonymous_5)
FN:108,(anonymous_6)
FN:126,(anonymous_7)
FN:134,(anonymous_8)
FNF:9
FNH:4
FNDA:8,(anonymous_0)
FNDA:4,(anonymous_1)
FNDA:4,(anonymous_2)
FNDA:0,(anonymous_3)
FNDA:0,(anonymous_4)
FNDA:0,(anonymous_5)
FNDA:0,(anonymous_6)
FNDA:8,(anonymous_7)
FNDA:0,(anonymous_8)
DA:21,1
DA:23,8
DA:24,8
DA:32,8
DA:33,4
DA:40,8
DA:41,4
DA:42,4
DA:43,4
DA:44,4
DA:46,0
DA:49,4
DA:62,8
DA:63,0
DA:65,0
DA:68,0
DA:71,0
DA:72,0
DA:74,0
DA:75,0
DA:86,8
DA:87,0
DA:89,0
DA:92,0
DA:93,0
DA:94,0
DA:96,0
DA:97,0
DA:108,8
DA:110,0
DA:111,0
DA:113,0
DA:126,8
DA:127,8
DA:134,8
DA:135,0
DA:136,0
DA:137,0
DA:138,0
DA:140,0
DA:141,0
DA:146,8
LF:42
LH:18
BRDA:110,0,0,0
BRDA:110,0,1,0
BRF:2
BRH:0
end_of_record
TN:
SF:src\hooks\useLaunchService.ts
FN:28,(anonymous_0)
FN:29,(anonymous_1)
FNF:2
FNH:0
FNDA:0,(anonymous_0)
FNDA:0,(anonymous_1)
DA:28,0
DA:29,0
DA:31,0
DA:34,0
DA:37,0
LF:5
LH:0
BRF:0
BRH:0
end_of_record
TN:
SF:src\screens\LaunchDetail\LaunchDetailScreen.tsx
FN:30,(anonymous_0)
FN:41,(anonymous_1)
FN:45,(anonymous_2)
FN:59,(anonymous_3)
FN:72,(anonymous_4)
FN:85,(anonymous_5)
FN:96,(anonymous_6)
FN:102,(anonymous_7)
FN:234,(anonymous_8)
FN:259,(anonymous_9)
FN:286,(anonymous_10)
FN:297,(anonymous_11)
FN:308,(anonymous_12)
FN:326,(anonymous_13)
FNF:14
FNH:0
FNDA:0,(anonymous_0)
FNDA:0,(anonymous_1)
FNDA:0,(anonymous_2)
FNDA:0,(anonymous_3)
FNDA:0,(anonymous_4)
FNDA:0,(anonymous_5)
FNDA:0,(anonymous_6)
FNDA:0,(anonymous_7)
FNDA:0,(anonymous_8)
FNDA:0,(anonymous_9)
FNDA:0,(anonymous_10)
FNDA:0,(anonymous_11)
FNDA:0,(anonymous_12)
FNDA:0,(anonymous_13)
DA:30,0
DA:34,0
DA:35,0
DA:36,0
DA:37,0
DA:39,0
DA:41,0
DA:42,0
DA:45,0
DA:46,0
DA:47,0
DA:48,0
DA:49,0
DA:50,0
DA:52,0
DA:53,0
DA:55,0
DA:59,0
DA:60,0
DA:61,0
DA:62,0
DA:63,0
DA:65,0
DA:68,0
DA:72,0
DA:73,0
DA:74,0
DA:75,0
DA:76,0
DA:78,0
DA:81,0
DA:85,0
DA:86,0
DA:96,0
DA:97,0
DA:98,0
DA:99,0
DA:102,0
DA:103,0
DA:104,0
DA:105,0
DA:108,0
DA:109,0
DA:117,0
DA:118,0
DA:131,0
DA:133,0
DA:235,0
DA:260,0
DA:286,0
DA:297,0
DA:308,0
DA:327,0
LF:53
LH:0
BRDA:62,0,0,0
BRDA:62,0,1,0
BRDA:75,1,0,0
BRDA:75,1,1,0
BRDA:97,2,0,0
BRDA:97,2,1,0
BRDA:98,3,0,0
BRDA:98,3,1,0
BRDA:99,4,0,0
BRDA:99,4,1,0
BRDA:103,5,0,0
BRDA:103,5,1,0
BRDA:104,6,0,0
BRDA:104,6,1,0
BRDA:105,7,0,0
BRDA:105,7,1,0
BRDA:108,8,0,0
BRDA:108,8,1,0
BRDA:117,9,0,0
BRDA:117,9,1,0
BRDA:117,10,0,0
BRDA:117,10,1,0
BRDA:120,11,0,0
BRDA:120,11,1,0
BRDA:136,12,0,0
BRDA:136,12,1,0
BRDA:177,13,0,0
BRDA:177,13,1,0
BRDA:196,14,0,0
BRDA:196,14,1,0
BRDA:201,15,0,0
BRDA:201,15,1,0
BRDA:216,16,0,0
BRDA:216,16,1,0
BRDA:216,16,2,0
BRDA:221,17,0,0
BRDA:221,17,1,0
BRDA:221,17,2,0
BRDA:229,18,0,0
BRDA:229,18,1,0
BRDA:229,18,2,0
BRDA:237,19,0,0
BRDA:237,19,1,0
BRDA:239,20,0,0
BRDA:239,20,1,0
BRDA:242,21,0,0
BRDA:242,21,1,0
BRDA:243,22,0,0
BRDA:243,22,1,0
BRDA:244,23,0,0
BRDA:244,23,1,0
BRDA:245,24,0,0
BRDA:245,24,1,0
BRDA:254,25,0,0
BRDA:254,25,1,0
BRDA:254,25,2,0
BRDA:267,26,0,0
BRDA:267,26,1,0
BRDA:284,27,0,0
BRDA:284,27,1,0
BRDA:295,28,0,0
BRDA:295,28,1,0
BRDA:306,29,0,0
BRDA:306,29,1,0
BRDA:320,30,0,0
BRDA:320,30,1,0
BRDA:320,30,2,0
BRF:67
BRH:0
end_of_record
TN:
SF:src\screens\LaunchDetail\index.ts
FNF:0
FNH:0
LF:0
LH:0
BRF:0
BRH:0
end_of_record
TN:
SF:src\screens\PastLaunches\PastLaunchesScreen.tsx
FN:49,(anonymous_0)
FN:72,(anonymous_1)
FN:80,(anonymous_2)
FN:90,(anonymous_3)
FN:110,(anonymous_4)
FN:132,(anonymous_5)
FN:139,(anonymous_6)
FN:147,(anonymous_7)
FN:155,(anonymous_8)
FN:193,(anonymous_9)
FN:194,(anonymous_10)
FN:197,(anonymous_11)
FN:205,(anonymous_12)
FN:211,(anonymous_13)
FNF:14
FNH:0
FNDA:0,(anonymous_0)
FNDA:0,(anonymous_1)
FNDA:0,(anonymous_2)
FNDA:0,(anonymous_3)
FNDA:0,(anonymous_4)
FNDA:0,(anonymous_5)
FNDA:0,(anonymous_6)
FNDA:0,(anonymous_7)
FNDA:0,(anonymous_8)
FNDA:0,(anonymous_9)
FNDA:0,(anonymous_10)
FNDA:0,(anonymous_11)
FNDA:0,(anonymous_12)
FNDA:0,(anonymous_13)
DA:49,0
DA:52,0
DA:53,0
DA:54,0
DA:57,0
DA:58,0
DA:59,0
DA:60,0
DA:61,0
DA:64,0
DA:72,0
DA:73,0
DA:80,0
DA:81,0
DA:90,0
DA:91,0
DA:92,0
DA:93,0
DA:94,0
DA:96,0
DA:99,0
DA:110,0
DA:111,0
DA:114,0
DA:117,0
DA:120,0
DA:123,0
DA:132,0
DA:133,0
DA:139,0
DA:140,0
DA:141,0
DA:147,0
DA:148,0
DA:149,0
DA:155,0
DA:156,0
DA:165,0
DA:166,0
DA:172,0
DA:193,0
DA:195,0
DA:197,0
DA:206,0
DA:211,0
LF:45
LH:0
BRDA:165,0,0,0
BRDA:165,0,1,0
BRF:2
BRH:0
end_of_record
TN:
SF:src\screens\UpcomingLaunches\UpcomingLaunchesScreen.tsx
FN:21,(anonymous_0)
FN:34,(anonymous_1)
FN:38,(anonymous_2)
FN:42,(anonymous_3)
FN:59,(anonymous_4)
FN:65,(anonymous_5)
FN:77,(anonymous_6)
FN:81,(anonymous_7)
FN:86,(anonymous_8)
FN:101,(anonymous_9)
FN:106,(anonymous_10)
FN:110,(anonymous_11)
FN:147,(anonymous_12)
FN:159,(anonymous_13)
FN:168,(anonymous_14)
FN:177,(anonymous_15)
FN:186,(anonymous_16)
FN:195,(anonymous_17)
FN:206,(anonymous_18)
FN:223,(anonymous_19)
FN:263,(anonymous_20)
FN:277,(anonymous_21)
FNF:22
FNH:0
FNDA:0,(anonymous_0)
FNDA:0,(anonymous_1)
FNDA:0,(anonymous_2)
FNDA:0,(anonymous_3)
FNDA:0,(anonymous_4)
FNDA:0,(anonymous_5)
FNDA:0,(anonymous_6)
FNDA:0,(anonymous_7)
FNDA:0,(anonymous_8)
FNDA:0,(anonymous_9)
FNDA:0,(anonymous_10)
FNDA:0,(anonymous_11)
FNDA:0,(anonymous_12)
FNDA:0,(anonymous_13)
FNDA:0,(anonymous_14)
FNDA:0,(anonymous_15)
FNDA:0,(anonymous_16)
FNDA:0,(anonymous_17)
FNDA:0,(anonymous_18)
FNDA:0,(anonymous_19)
FNDA:0,(anonymous_20)
FNDA:0,(anonymous_21)
DA:21,0
DA:24,0
DA:25,0
DA:26,0
DA:27,0
DA:28,0
DA:29,0
DA:30,0
DA:32,0
DA:34,0
DA:35,0
DA:38,0
DA:39,0
DA:42,0
DA:43,0
DA:44,0
DA:45,0
DA:46,0
DA:48,0
DA:49,0
DA:55,0
DA:59,0
DA:60,0
DA:61,0
DA:62,0
DA:65,0
DA:66,0
DA:69,0
DA:72,0
DA:74,0
DA:77,0
DA:78,0
DA:81,0
DA:82,0
DA:83,0
DA:86,0
DA:87,0
DA:89,0
DA:91,0
DA:93,0
DA:95,0
DA:97,0
DA:101,0
DA:102,0
DA:103,0
DA:106,0
DA:107,0
DA:110,0
DA:147,0
DA:148,0
DA:150,0
DA:159,0
DA:168,0
DA:177,0
DA:186,0
DA:195,0
DA:206,0
DA:207,0
DA:223,0
DA:231,0
DA:232,0
DA:240,0
DA:263,0
DA:277,0
LF:64
LH:0
BRDA:87,0,0,0
BRDA:87,0,1,0
BRDA:87,0,2,0
BRDA:87,0,3,0
BRDA:87,0,4,0
BRDA:124,1,0,0
BRDA:124,1,1,0
BRDA:135,2,0,0
BRDA:135,2,1,0
BRDA:135,2,2,0
BRDA:148,3,0,0
BRDA:148,3,1,0
BRDA:161,4,0,0
BRDA:161,4,1,0
BRDA:170,5,0,0
BRDA:170,5,1,0
BRDA:179,6,0,0
BRDA:179,6,1,0
BRDA:188,7,0,0
BRDA:188,7,1,0
BRDA:215,8,0,0
BRDA:215,8,1,0
BRDA:220,9,0,0
BRDA:220,9,1,0
BRDA:231,10,0,0
BRDA:231,10,1,0
BRDA:272,11,0,0
BRDA:272,11,1,0
BRDA:272,12,0,0
BRDA:272,12,1,0
BRF:30
BRH:0
end_of_record
TN:
SF:src\screens\UpcomingLaunches\index.ts
FNF:0
FNH:0
LF:0
LH:0
BRF:0
BRH:0
end_of_record
TN:
SF:src\services\LaunchService.ts
FN:26,(anonymous_0)
FN:34,(anonymous_1)
FN:42,(anonymous_2)
FN:53,(anonymous_3)
FN:78,(anonymous_4)
FN:83,(anonymous_5)
FN:101,(anonymous_6)
FN:103,(anonymous_7)
FN:142,(anonymous_8)
FN:153,(anonymous_9)
FN:171,(anonymous_10)
FN:179,(anonymous_11)
FN:194,(anonymous_12)
FNF:13
FNH:7
FNDA:44,(anonymous_0)
FNDA:0,(anonymous_1)
FNDA:0,(anonymous_2)
FNDA:0,(anonymous_3)
FNDA:19,(anonymous_4)
FNDA:155,(anonymous_5)
FNDA:20,(anonymous_6)
FNDA:286,(anonymous_7)
FNDA:0,(anonymous_8)
FNDA:0,(anonymous_9)
FNDA:24,(anonymous_10)
FNDA:176,(anonymous_11)
FNDA:0,(anonymous_12)
DA:35,0
DA:43,0
DA:55,0
DA:58,0
DA:59,0
DA:61,0
DA:79,19
DA:80,2
DA:83,17
DA:84,155
DA:85,138
DA:86,17
DA:87,17
DA:89,0
DA:103,20
DA:104,286
DA:107,12
DA:111,231
DA:115,30
DA:119,10
DA:123,3
DA:148,0
DA:153,0
DA:173,24
DA:176,24
DA:179,20
DA:180,176
DA:195,0
LF:28
LH:18
BRDA:79,0,0,2
BRDA:79,0,1,17
BRDA:84,1,0,138
BRDA:84,1,1,17
BRDA:86,2,0,17
BRDA:86,2,1,0
BRDA:104,3,0,12
BRDA:104,3,1,231
BRDA:104,3,2,30
BRDA:104,3,3,10
BRDA:104,3,4,3
BRDA:148,4,0,0
BRDA:148,4,1,0
BRDA:176,5,0,4
BRDA:176,5,1,20
BRDA:182,6,0,176
BRDA:182,6,1,49
BRDA:182,6,2,49
BRF:18
BRH:15
end_of_record
TN:
SF:src\services\adapters\ApiResponseAdapter.ts
FN:11,(anonymous_0)
FN:22,(anonymous_1)
FN:44,(anonymous_2)
FN:60,(anonymous_3)
FN:101,(anonymous_4)
FN:121,(anonymous_5)
FNF:6
FNH:0
FNDA:0,(anonymous_0)
FNDA:0,(anonymous_1)
FNDA:0,(anonymous_2)
FNDA:0,(anonymous_3)
FNDA:0,(anonymous_4)
FNDA:0,(anonymous_5)
DA:12,0
DA:14,0
DA:16,0
DA:18,0
DA:24,0
DA:46,0
DA:67,0
DA:68,0
DA:69,0
DA:71,0
DA:72,0
DA:73,0
DA:75,0
DA:76,0
DA:77,0
DA:78,0
DA:79,0
DA:80,0
DA:81,0
DA:82,0
DA:83,0
DA:84,0
DA:85,0
DA:86,0
DA:89,0
DA:102,0
DA:122,0
LF:27
LH:0
BRDA:11,0,0,0
BRDA:12,1,0,0
BRDA:12,1,1,0
BRDA:12,1,2,0
BRDA:27,2,0,0
BRDA:27,2,1,0
BRDA:28,3,0,0
BRDA:28,3,1,0
BRDA:29,4,0,0
BRDA:29,4,1,0
BRDA:33,5,0,0
BRDA:33,5,1,0
BRDA:34,6,0,0
BRDA:34,6,1,0
BRDA:37,7,0,0
BRDA:37,7,1,0
BRDA:38,8,0,0
BRDA:38,8,1,0
BRDA:48,9,0,0
BRDA:48,9,1,0
BRDA:49,10,0,0
BRDA:49,10,1,0
BRDA:50,11,0,0
BRDA:50,11,1,0
BRDA:51,12,0,0
BRDA:51,12,1,0
BRDA:52,13,0,0
BRDA:52,13,1,0
BRDA:69,14,0,0
BRDA:69,14,1,0
BRDA:75,15,0,0
BRDA:75,15,1,0
BRDA:79,16,0,0
BRDA:79,16,1,0
BRDA:83,17,0,0
BRDA:83,17,1,0
BRDA:84,18,0,0
BRDA:84,18,1,0
BRDA:105,19,0,0
BRDA:105,19,1,0
BRDA:107,20,0,0
BRDA:107,20,1,0
BRDA:111,21,0,0
BRDA:111,21,1,0
BRF:44
BRH:0
end_of_record
TN:
SF:src\services\adapters\DataValidationAdapter.ts
FN:10,(anonymous_0)
FN:65,(anonymous_1)
FN:76,(anonymous_2)
FN:88,(anonymous_3)
FN:135,(anonymous_4)
FN:143,(anonymous_5)
FN:154,(anonymous_6)
FN:184,(anonymous_7)
FNF:8
FNH:0
FNDA:0,(anonymous_0)
FNDA:0,(anonymous_1)
FNDA:0,(anonymous_2)
FNDA:0,(anonymous_3)
FNDA:0,(anonymous_4)
FNDA:0,(anonymous_5)
FNDA:0,(anonymous_6)
FNDA:0,(anonymous_7)
DA:15,0
DA:16,0
DA:19,0
DA:20,0
DA:22,0
DA:25,0
DA:26,0
DA:28,0
DA:32,0
DA:33,0
DA:35,0
DA:36,0
DA:37,0
DA:39,0
DA:44,0
DA:45,0
DA:47,0
DA:51,0
DA:52,0
DA:53,0
DA:55,0
DA:66,0
DA:77,0
DA:78,0
DA:79,0
DA:81,0
DA:89,0
DA:91,0
DA:94,0
DA:95,0
DA:98,0
DA:99,0
DA:102,0
DA:103,0
DA:107,0
DA:108,0
DA:109,0
DA:110,0
DA:112,0
DA:113,0
DA:118,0
DA:119,0
DA:129,0
DA:136,0
DA:137,0
DA:144,0
DA:158,0
DA:159,0
DA:162,0
DA:163,0
DA:166,0
DA:167,0
DA:171,0
DA:172,0
DA:174,0
DA:175,0
DA:178,0
DA:189,0
DA:191,0
DA:192,0
DA:195,0
DA:196,0
DA:199,0
DA:200,0
DA:203,0
LF:65
LH:0
BRDA:19,0,0,0
BRDA:19,0,1,0
BRDA:19,1,0,0
BRDA:19,1,1,0
BRDA:25,2,0,0
BRDA:25,2,1,0
BRDA:25,3,0,0
BRDA:25,3,1,0
BRDA:32,4,0,0
BRDA:32,4,1,0
BRDA:36,5,0,0
BRDA:36,5,1,0
BRDA:44,6,0,0
BRDA:44,6,1,0
BRDA:44,7,0,0
BRDA:44,7,1,0
BRDA:51,8,0,0
BRDA:51,8,1,0
BRDA:53,9,0,0
BRDA:53,9,1,0
BRDA:57,10,0,0
BRDA:57,10,1,0
BRDA:89,11,0,0
BRDA:89,11,1,0
BRDA:89,12,0,0
BRDA:89,12,1,0
BRDA:94,13,0,0
BRDA:94,13,1,0
BRDA:94,14,0,0
BRDA:94,14,1,0
BRDA:98,15,0,0
BRDA:98,15,1,0
BRDA:98,16,0,0
BRDA:98,16,1,0
BRDA:102,17,0,0
BRDA:102,17,1,0
BRDA:102,18,0,0
BRDA:102,18,1,0
BRDA:107,19,0,0
BRDA:107,19,1,0
BRDA:107,20,0,0
BRDA:107,20,1,0
BRDA:109,21,0,0
BRDA:109,21,1,0
BRDA:109,22,0,0
BRDA:109,22,1,0
BRDA:112,23,0,0
BRDA:112,23,1,0
BRDA:112,24,0,0
BRDA:112,24,1,0
BRDA:118,25,0,0
BRDA:118,25,1,0
BRDA:118,26,0,0
BRDA:118,26,1,0
BRDA:120,27,0,0
BRDA:120,27,1,0
BRDA:123,28,0,0
BRDA:123,28,1,0
BRDA:158,29,0,0
BRDA:158,29,1,0
BRDA:158,30,0,0
BRDA:158,30,1,0
BRDA:162,31,0,0
BRDA:162,31,1,0
BRDA:162,32,0,0
BRDA:162,32,1,0
BRDA:166,33,0,0
BRDA:166,33,1,0
BRDA:174,34,0,0
BRDA:174,34,1,0
BRDA:184,35,0,0
BRDA:191,36,0,0
BRDA:191,36,1,0
BRDA:192,37,0,0
BRDA:192,37,1,0
BRDA:195,38,0,0
BRDA:195,38,1,0
BRDA:195,39,0,0
BRDA:195,39,1,0
BRDA:199,40,0,0
BRDA:199,40,1,0
BRDA:199,41,0,0
BRDA:199,41,1,0
BRF:83
BRH:0
end_of_record
TN:
SF:src\services\adapters\ImageAdapter.ts
FN:18,(anonymous_0)
FN:31,(anonymous_1)
FN:47,(anonymous_2)
FN:79,(anonymous_3)
FN:93,(anonymous_4)
FN:108,(anonymous_5)
FN:118,(anonymous_6)
FN:155,(anonymous_7)
FN:165,(anonymous_8)
FN:172,(anonymous_9)
FN:181,(anonymous_10)
FN:195,(anonymous_11)
FN:206,(anonymous_12)
FNF:13
FNH:9
FNDA:22,(anonymous_0)
FNDA:27,(anonymous_1)
FNDA:15,(anonymous_2)
FNDA:6,(anonymous_3)
FNDA:3,(anonymous_4)
FNDA:4,(anonymous_5)
FNDA:3,(anonymous_6)
FNDA:0,(anonymous_7)
FNDA:0,(anonymous_8)
FNDA:3,(anonymous_9)
FNDA:0,(anonymous_10)
FNDA:0,(anonymous_11)
FNDA:1,(anonymous_12)
DA:8,4
DA:22,22
DA:23,10
DA:25,12
DA:32,27
DA:34,24
DA:35,24
DA:37,21
DA:38,21
DA:40,3
DA:48,15
DA:51,15
DA:52,3
DA:59,3
DA:63,12
DA:64,0
DA:70,0
DA:73,12
DA:80,6
DA:98,3
DA:99,1
DA:106,2
DA:108,4
DA:123,3
DA:125,3
DA:126,1
DA:131,2
DA:132,0
DA:137,2
DA:138,1
DA:144,1
DA:156,0
DA:158,0
DA:164,0
DA:165,0
DA:173,3
DA:174,2
DA:175,1
DA:188,0
DA:195,0
DA:196,0
DA:197,0
DA:200,0
DA:211,1
LF:44
LH:32
BRDA:20,0,0,3
BRDA:22,1,0,10
BRDA:22,1,1,12
BRDA:22,2,0,22
BRDA:22,2,1,13
BRDA:32,3,0,3
BRDA:32,3,1,24
BRDA:32,4,0,27
BRDA:32,4,1,24
BRDA:38,5,0,21
BRDA:38,5,1,3
BRDA:38,5,2,2
BRDA:47,6,0,0
BRDA:48,7,0,0
BRDA:48,7,1,15
BRDA:51,8,0,3
BRDA:51,8,1,12
BRDA:63,9,0,0
BRDA:63,9,1,12
BRDA:70,10,0,0
BRDA:70,10,1,0
BRDA:83,11,0,6
BRDA:83,11,1,5
BRDA:98,12,0,1
BRDA:98,12,1,2
BRDA:98,13,0,3
BRDA:98,13,1,3
BRDA:125,14,0,1
BRDA:125,14,1,2
BRDA:131,15,0,0
BRDA:131,15,1,2
BRDA:137,16,0,1
BRDA:137,16,1,1
BRDA:156,17,0,0
BRDA:156,17,1,0
BRDA:173,18,0,1
BRDA:173,18,1,2
BRDA:174,19,0,1
BRDA:174,19,1,1
BRDA:207,20,0,0
BRDA:208,21,0,0
BRDA:209,22,0,0
BRF:42
BRH:31
end_of_record
TN:
SF:src\services\adapters\SpaceXDataAdapter.ts
FN:29,(anonymous_0)
FN:46,(anonymous_1)
FN:89,(anonymous_2)
FN:153,(anonymous_3)
FN:172,(anonymous_4)
FNF:5
FNH:4
FNDA:2,(anonymous_0)
FNDA:8,(anonymous_1)
FNDA:10,(anonymous_2)
FNDA:0,(anonymous_3)
FNDA:2,(anonymous_4)
DA:30,2
DA:52,8
DA:53,2
DA:61,6
DA:62,3
DA:70,3
DA:71,2
DA:79,1
DA:94,10
DA:95,10
DA:96,10
DA:97,10
DA:98,10
DA:100,10
DA:101,10
DA:102,10
DA:103,10
DA:105,10
DA:107,10
DA:109,7
DA:110,1
DA:111,0
DA:113,1
DA:115,6
DA:116,0
DA:117,6
DA:118,1
DA:119,5
DA:120,0
DA:121,0
DA:122,5
DA:123,0
DA:124,0
DA:126,5
DA:127,5
DA:129,3
DA:131,3
DA:132,1
DA:133,0
DA:135,1
DA:137,2
DA:138,0
DA:140,2
DA:144,0
DA:147,10
DA:158,0
DA:162,0
DA:177,2
DA:178,2
DA:179,2
DA:181,2
DA:182,1
DA:189,2
DA:190,1
DA:197,2
DA:198,1
DA:205,2
DA:206,1
DA:213,2
LF:59
LH:48
BRDA:52,0,0,2
BRDA:52,0,1,6
BRDA:61,1,0,3
BRDA:61,1,1,3
BRDA:70,2,0,2
BRDA:70,2,1,1
BRDA:107,3,0,7
BRDA:107,3,1,3
BRDA:109,4,0,1
BRDA:109,4,1,6
BRDA:110,5,0,0
BRDA:110,5,1,1
BRDA:111,6,0,0
BRDA:111,6,1,0
BRDA:113,7,0,0
BRDA:113,7,1,1
BRDA:115,8,0,0
BRDA:115,8,1,6
BRDA:117,9,0,1
BRDA:117,9,1,5
BRDA:119,10,0,0
BRDA:119,10,1,5
BRDA:121,11,0,0
BRDA:121,11,1,0
BRDA:122,12,0,0
BRDA:122,12,1,5
BRDA:124,13,0,0
BRDA:124,13,1,0
BRDA:127,14,0,1
BRDA:127,14,1,4
BRDA:129,15,0,3
BRDA:129,15,1,0
BRDA:131,16,0,1
BRDA:131,16,1,2
BRDA:132,17,0,0
BRDA:132,17,1,1
BRDA:133,18,0,0
BRDA:133,18,1,0
BRDA:135,19,0,0
BRDA:135,19,1,1
BRDA:137,20,0,0
BRDA:137,20,1,2
BRDA:158,21,0,0
BRDA:158,21,1,0
BRDA:165,22,0,0
BRDA:165,22,1,0
BRDA:181,23,0,1
BRDA:181,23,1,1
BRDA:189,24,0,1
BRDA:189,24,1,1
BRDA:197,25,0,1
BRDA:197,25,1,1
BRDA:205,26,0,1
BRDA:205,26,1,1
BRF:54
BRH:33
end_of_record
TN:
SF:src\services\adapters\StorageAdapter.ts
FN:19,(anonymous_0)
FN:34,(anonymous_1)
FN:47,(anonymous_2)
FN:65,(anonymous_3)
FN:89,(anonymous_4)
FN:109,(anonymous_5)
FN:141,(anonymous_6)
FN:158,(anonymous_7)
FN:165,(anonymous_8)
FN:196,(anonymous_9)
FNF:10
FNH:1
FNDA:0,(anonymous_0)
FNDA:4,(anonymous_1)
FNDA:0,(anonymous_2)
FNDA:0,(anonymous_3)
FNDA:0,(anonymous_4)
FNDA:0,(anonymous_5)
FNDA:0,(anonymous_6)
FNDA:0,(anonymous_7)
FNDA:0,(anonymous_8)
FNDA:0,(anonymous_9)
DA:9,3
DA:20,0
DA:21,0
DA:26,0
DA:27,0
DA:35,4
DA:36,4
DA:37,4
DA:39,0
DA:40,0
DA:48,0
DA:49,0
DA:53,0
DA:58,0
DA:66,0
DA:67,0
DA:68,0
DA:70,0
DA:71,0
DA:73,0
DA:75,0
DA:76,0
DA:79,0
DA:81,0
DA:82,0
DA:95,0
DA:96,0
DA:101,0
DA:102,0
DA:115,0
DA:116,0
DA:117,0
DA:124,0
DA:128,0
DA:129,0
DA:142,0
DA:143,0
DA:150,0
DA:151,0
DA:163,0
DA:164,0
DA:165,0
DA:166,0
DA:170,0
DA:171,0
DA:172,0
DA:173,0
DA:174,0
DA:178,0
DA:179,0
DA:181,0
DA:187,0
DA:188,0
DA:197,0
DA:198,0
DA:199,0
DA:200,0
DA:201,0
LF:58
LH:4
BRDA:37,0,0,0
BRDA:37,0,1,4
BRDA:65,1,0,0
BRDA:68,2,0,0
BRDA:68,2,1,0
BRDA:73,3,0,0
BRDA:73,3,1,0
BRDA:124,4,0,0
BRDA:124,4,1,0
BRDA:173,5,0,0
BRDA:173,5,1,0
BRDA:179,6,0,0
BRDA:179,6,1,0
BRDA:197,7,0,0
BRDA:197,7,1,0
BRF:15
BRH:1
end_of_record
TN:
SF:src\services\adapters\UIFormatAdapter.ts
FN:10,(anonymous_0)
FN:17,(anonymous_1)
FN:50,(anonymous_2)
FN:109,(anonymous_3)
FN:117,(anonymous_4)
FN:151,(anonymous_5)
FN:162,(anonymous_6)
FN:165,(anonymous_7)
FN:173,(anonymous_8)
FN:185,(anonymous_9)
FNF:10
FNH:4
FNDA:4,(anonymous_0)
FNDA:4,(anonymous_1)
FNDA:0,(anonymous_2)
FNDA:4,(anonymous_3)
FNDA:8,(anonymous_4)
FNDA:0,(anonymous_5)
FNDA:0,(anonymous_6)
FNDA:0,(anonymous_7)
FNDA:0,(anonymous_8)
FNDA:0,(anonymous_9)
DA:11,4
DA:18,4
DA:20,0
DA:26,4
DA:32,0
DA:41,0
DA:43,0
DA:51,0
DA:52,0
DA:53,0
DA:54,0
DA:55,0
DA:56,0
DA:59,0
DA:60,0
DA:61,0
DA:62,0
DA:64,0
DA:66,0
DA:67,0
DA:68,0
DA:69,0
DA:70,0
DA:72,0
DA:73,0
DA:74,0
DA:76,0
DA:77,0
DA:81,0
DA:82,0
DA:83,0
DA:84,0
DA:86,0
DA:88,0
DA:89,0
DA:90,0
DA:91,0
DA:92,0
DA:94,0
DA:95,0
DA:96,0
DA:98,0
DA:99,0
DA:103,0
DA:110,4
DA:111,0
DA:122,8
DA:145,8
DA:152,0
DA:153,0
DA:154,0
DA:155,0
DA:156,0
DA:163,0
DA:165,0
DA:174,0
DA:175,0
DA:176,0
DA:178,0
DA:189,0
DA:190,0
LF:61
LH:6
BRDA:17,0,0,0
BRDA:18,1,0,0
BRDA:18,1,1,4
BRDA:18,1,2,0
BRDA:18,1,3,0
BRDA:18,1,4,0
BRDA:59,2,0,0
BRDA:59,2,1,0
BRDA:60,3,0,0
BRDA:60,3,1,0
BRDA:61,4,0,0
BRDA:61,4,1,0
BRDA:62,5,0,0
BRDA:62,5,1,0
BRDA:64,6,0,0
BRDA:64,6,1,0
BRDA:66,7,0,0
BRDA:66,7,1,0
BRDA:67,8,0,0
BRDA:67,8,1,0
BRDA:68,9,0,0
BRDA:68,9,1,0
BRDA:70,10,0,0
BRDA:70,10,1,0
BRDA:72,11,0,0
BRDA:72,11,1,0
BRDA:74,12,0,0
BRDA:74,12,1,0
BRDA:77,13,0,0
BRDA:77,13,1,0
BRDA:81,14,0,0
BRDA:81,14,1,0
BRDA:82,15,0,0
BRDA:82,15,1,0
BRDA:83,16,0,0
BRDA:83,16,1,0
BRDA:84,17,0,0
BRDA:84,17,1,0
BRDA:86,18,0,0
BRDA:86,18,1,0
BRDA:88,19,0,0
BRDA:88,19,1,0
BRDA:89,20,0,0
BRDA:89,20,1,0
BRDA:90,21,0,0
BRDA:90,21,1,0
BRDA:92,22,0,0
BRDA:92,22,1,0
BRDA:94,23,0,0
BRDA:94,23,1,0
BRDA:96,24,0,0
BRDA:96,24,1,0
BRDA:99,25,0,0
BRDA:99,25,1,0
BRDA:109,26,0,0
BRDA:110,27,0,4
BRDA:110,27,1,0
BRDA:145,28,0,8
BRDA:145,28,1,0
BRDA:152,29,0,0
BRDA:152,29,1,0
BRDA:189,30,0,0
BRDA:189,30,1,0
BRF:63
BRH:3
end_of_record
TN:
SF:src\services\adapters\index.ts
FNF:0
FNH:0
LF:0
LH:0
BRF:0
BRH:0
end_of_record
TN:
SF:src\services\api\ApiService.ts
FN:44,(anonymous_0)
FN:56,(anonymous_1)
FN:60,(anonymous_2)
FN:71,(anonymous_3)
FN:85,(anonymous_4)
FN:99,(anonymous_5)
FNF:6
FNH:0
FNDA:0,(anonymous_0)
FNDA:0,(anonymous_1)
FNDA:0,(anonymous_2)
FNDA:0,(anonymous_3)
FNDA:0,(anonymous_4)
FNDA:0,(anonymous_5)
DA:46,0
DA:57,0
DA:58,0
DA:60,0
DA:63,0
DA:72,0
DA:73,0
DA:75,0
DA:77,0
DA:86,0
DA:87,0
DA:89,0
DA:91,0
DA:100,0
DA:101,0
DA:103,0
DA:105,0
LF:17
LH:0
BRF:0
BRH:0
end_of_record
TN:
SF:src\services\repositories\LaunchRepositorie.ts
FN:14,(anonymous_0)
FN:16,(anonymous_1)
FN:20,(anonymous_2)
FN:22,(anonymous_3)
FN:25,(anonymous_4)
FN:27,(anonymous_5)
FN:30,(anonymous_6)
FN:34,(anonymous_7)
FN:38,(anonymous_8)
FNF:9
FNH:0
FNDA:0,(anonymous_0)
FNDA:0,(anonymous_1)
FNDA:0,(anonymous_2)
FNDA:0,(anonymous_3)
FNDA:0,(anonymous_4)
FNDA:0,(anonymous_5)
FNDA:0,(anonymous_6)
FNDA:0,(anonymous_7)
FNDA:0,(anonymous_8)
DA:17,0
DA:21,0
DA:22,0
DA:26,0
DA:27,0
DA:31,0
DA:35,0
DA:39,0
LF:8
LH:0
BRF:0
BRH:0
end_of_record
TN:
SF:src\styles\tailwindStyles.ts
FN:254,(anonymous_0)
FNF:1
FNH:0
FNDA:0,(anonymous_0)
DA:25,0
DA:82,0
DA:102,0
DA:116,0
DA:130,0
DA:254,0
DA:255,0
LF:7
LH:0
BRF:0
BRH:0
end_of_record
