TN:
SF:src\components\Counter.tsx
FN:8,(anonymous_0)
FN:16,(anonymous_1)
FN:22,(anonymous_2)
FNF:3
FNH:0
FNDA:0,(anonymous_0)
FNDA:0,(anonymous_1)
FNDA:0,(anonymous_2)
DA:8,0
DA:9,0
DA:11,0
DA:16,0
DA:22,0
LF:5
LH:0
BRDA:8,0,0,0
BRF:1
BRH:0
end_of_record
TN:
SF:src\components\NativeWindTest.tsx
FNF:0
FNH:0
LF:0
LH:0
BRF:0
BRH:0
end_of_record
TN:
SF:src\components\EmptyState\EmptyState.tsx
FN:12,(anonymous_0)
FNF:1
FNH:0
FNDA:0,(anonymous_0)
DA:12,0
DA:19,0
LF:2
LH:0
BRDA:13,0,0,0
BRDA:31,1,0,0
BRDA:31,1,1,0
BRDA:31,1,2,0
BRF:4
BRH:0
end_of_record
TN:
SF:src\components\EmptyState\index.ts
FNF:0
FNH:0
LF:0
LH:0
BRF:0
BRH:0
end_of_record
TN:
SF:src\components\LaunchCard\LaunchCard.tsx
FN:10,(anonymous_0)
FN:11,(anonymous_1)
FN:17,(anonymous_2)
FNF:3
FNH:3
FNDA:4,(anonymous_0)
FNDA:4,(anonymous_1)
FNDA:4,(anonymous_2)
DA:10,1
DA:11,4
DA:12,4
DA:13,4
DA:14,3
DA:17,4
DA:18,4
DA:25,4
LF:8
LH:8
BRDA:13,0,0,1
BRDA:13,0,1,3
BRDA:14,1,0,2
BRDA:14,1,1,1
BRDA:40,2,0,4
BRDA:40,2,1,4
BRDA:51,3,0,1
BRDA:51,3,1,3
BRDA:51,4,0,2
BRDA:51,4,1,1
BRDA:56,5,0,4
BRDA:56,5,1,4
BRF:12
BRH:12
end_of_record
TN:
SF:src\components\LoadingState\LoadingState.tsx
FN:10,(anonymous_0)
FNF:1
FNH:0
FNDA:0,(anonymous_0)
DA:10,0
DA:15,0
LF:2
LH:0
BRDA:11,0,0,0
BRDA:12,1,0,0
BRDA:13,2,0,0
BRF:3
BRH:0
end_of_record
TN:
SF:src\components\LoadingState\index.ts
FNF:0
FNH:0
LF:0
LH:0
BRF:0
BRH:0
end_of_record
TN:
SF:src\components\SearchBar\SearchBar.tsx
FN:14,(anonymous_0)
FNF:1
FNH:0
FNDA:0,(anonymous_0)
DA:14,0
DA:23,0
LF:2
LH:0
BRDA:17,0,0,0
BRDA:18,1,0,0
BRDA:50,2,0,0
BRDA:50,2,1,0
BRDA:71,3,0,0
BRDA:71,3,1,0
BRF:6
BRH:0
end_of_record
TN:
SF:src\components\SearchBar\index.ts
FNF:0
FNH:0
LF:0
LH:0
BRF:0
BRH:0
end_of_record
TN:
SF:src\hooks\useLaunchService.ts
FN:6,(anonymous_0)
FN:7,(anonymous_1)
FNF:2
FNH:0
FNDA:0,(anonymous_0)
FNDA:0,(anonymous_1)
DA:6,0
DA:7,0
DA:8,0
DA:9,0
DA:10,0
LF:5
LH:0
BRF:0
BRH:0
end_of_record
TN:
SF:src\screens\PastLaunches\PastLaunchesScreen.tsx
FN:18,(anonymous_0)
FN:28,(anonymous_1)
FN:32,(anonymous_2)
FN:36,(anonymous_3)
FN:48,(anonymous_4)
FN:63,(anonymous_5)
FN:81,(anonymous_6)
FN:82,(anonymous_7)
FN:89,(anonymous_8)
FN:90,(anonymous_9)
FN:93,(anonymous_10)
FN:98,(anonymous_11)
FN:104,(anonymous_12)
FNF:13
FNH:0
FNDA:0,(anonymous_0)
FNDA:0,(anonymous_1)
FNDA:0,(anonymous_2)
FNDA:0,(anonymous_3)
FNDA:0,(anonymous_4)
FNDA:0,(anonymous_5)
FNDA:0,(anonymous_6)
FNDA:0,(anonymous_7)
FNDA:0,(anonymous_8)
FNDA:0,(anonymous_9)
FNDA:0,(anonymous_10)
FNDA:0,(anonymous_11)
FNDA:0,(anonymous_12)
DA:18,0
DA:19,0
DA:20,0
DA:21,0
DA:22,0
DA:23,0
DA:24,0
DA:26,0
DA:28,0
DA:29,0
DA:32,0
DA:33,0
DA:36,0
DA:37,0
DA:38,0
DA:39,0
DA:40,0
DA:42,0
DA:44,0
DA:48,0
DA:49,0
DA:52,0
DA:55,0
DA:58,0
DA:60,0
DA:63,0
DA:64,0
DA:67,0
DA:68,0
DA:73,0
DA:89,0
DA:91,0
DA:93,0
DA:99,0
DA:104,0
LF:35
LH:0
BRDA:67,0,0,0
BRDA:67,0,1,0
BRF:2
BRH:0
end_of_record
TN:
SF:src\services\LaunchService.ts
FN:5,(anonymous_0)
FN:7,(anonymous_1)
FN:11,(anonymous_2)
FN:15,(anonymous_3)
FN:27,(anonymous_4)
FN:32,(anonymous_5)
FN:42,(anonymous_6)
FN:44,(anonymous_7)
FN:66,(anonymous_8)
FN:70,(anonymous_9)
FNF:10
FNH:7
FNDA:7,(anonymous_0)
FNDA:0,(anonymous_1)
FNDA:0,(anonymous_2)
FNDA:0,(anonymous_3)
FNDA:3,(anonymous_4)
FNDA:4,(anonymous_5)
FNDA:2,(anonymous_6)
FNDA:2,(anonymous_7)
FNDA:2,(anonymous_8)
FNDA:2,(anonymous_9)
DA:8,0
DA:12,0
DA:16,0
DA:17,0
DA:18,0
DA:20,0
DA:28,3
DA:29,1
DA:32,2
DA:33,4
DA:34,2
DA:35,2
DA:36,2
DA:38,0
DA:44,2
DA:46,2
DA:49,1
DA:52,0
DA:55,1
DA:58,0
DA:61,0
DA:67,2
DA:69,1
DA:70,1
DA:71,2
LF:25
LH:15
BRDA:28,0,0,1
BRDA:28,0,1,2
BRDA:33,1,0,2
BRDA:33,1,1,2
BRDA:35,2,0,2
BRDA:35,2,1,0
BRDA:46,3,0,1
BRDA:46,3,1,0
BRDA:46,3,2,1
BRDA:46,3,3,0
BRDA:46,3,4,0
BRDA:67,4,0,1
BRDA:67,4,1,1
BRDA:72,5,0,2
BRDA:72,5,1,1
BRDA:72,5,2,1
BRF:16
BRH:12
end_of_record
TN:
SF:src\services\api\ApiService.ts
FN:21,(anonymous_0)
FN:28,(anonymous_1)
FN:31,(anonymous_2)
FN:37,(anonymous_3)
FN:46,(anonymous_4)
FN:55,(anonymous_5)
FNF:6
FNH:0
FNDA:0,(anonymous_0)
FNDA:0,(anonymous_1)
FNDA:0,(anonymous_2)
FNDA:0,(anonymous_3)
FNDA:0,(anonymous_4)
FNDA:0,(anonymous_5)
DA:22,0
DA:29,0
DA:30,0
DA:31,0
DA:33,0
DA:38,0
DA:39,0
DA:40,0
DA:42,0
DA:47,0
DA:48,0
DA:49,0
DA:51,0
DA:56,0
DA:57,0
DA:58,0
DA:60,0
LF:17
LH:0
BRF:0
BRH:0
end_of_record
TN:
SF:src\services\repositories\LaunchRepositorie.ts
FN:14,(anonymous_0)
FN:16,(anonymous_1)
FN:20,(anonymous_2)
FN:22,(anonymous_3)
FN:25,(anonymous_4)
FN:27,(anonymous_5)
FN:30,(anonymous_6)
FN:34,(anonymous_7)
FN:38,(anonymous_8)
FNF:9
FNH:0
FNDA:0,(anonymous_0)
FNDA:0,(anonymous_1)
FNDA:0,(anonymous_2)
FNDA:0,(anonymous_3)
FNDA:0,(anonymous_4)
FNDA:0,(anonymous_5)
FNDA:0,(anonymous_6)
FNDA:0,(anonymous_7)
FNDA:0,(anonymous_8)
DA:17,0
DA:21,0
DA:22,0
DA:26,0
DA:27,0
DA:31,0
DA:35,0
DA:39,0
LF:8
LH:0
BRF:0
BRH:0
end_of_record
TN:
SF:src\styles\tailwindStyles.ts
FN:205,(anonymous_0)
FNF:1
FNH:0
FNDA:0,(anonymous_0)
DA:4,0
DA:60,0
DA:79,0
DA:92,0
DA:105,0
DA:205,0
DA:206,0
LF:7
LH:0
BRF:0
BRH:0
end_of_record
